2025-07-27 16:25:37.082 [info] Extension host with pid 1287 started
2025-07-27 16:25:37.097 [info] Lock '/home/emilio20d2/.codeoss/data/User/workspaceStorage/5d579946/vscode.lock': Lock acquired.
2025-07-27 16:25:37.327 [info] ExtensionService#_doActivateExtension vscode.emmet, startup: false, activationEvent: 'onLanguage'
2025-07-27 16:25:37.434 [info] ExtensionService#_doActivateExtension vscode.git-base, startup: true, activationEvent: '*', root cause: vscode.git
2025-07-27 16:25:37.487 [info] ExtensionService#_doActivateExtension vscode.git, startup: true, activationEvent: '*'
2025-07-27 16:25:37.487 [info] ExtensionService#_doActivateExtension vscode.github, startup: true, activationEvent: '*'
2025-07-27 16:25:37.698 [info] Eager extensions activated
2025-07-27 16:25:37.699 [info] ExtensionService#_doActivateExtension EditorConfig.EditorConfig, startup: false, activationEvent: 'onStartupFinished'
2025-07-27 16:25:37.700 [info] ExtensionService#_doActivateExtension google.cloud-shell, startup: false, activationEvent: 'onStartupFinished'
2025-07-27 16:25:37.700 [info] ExtensionService#_doActivateExtension google.geminicodeassist, startup: false, activationEvent: 'onStartupFinished', root cause: googlecloudtools.cloudcode
2025-07-27 16:25:37.700 [info] ExtensionService#_doActivateExtension vscode.debug-auto-launch, startup: false, activationEvent: 'onStartupFinished'
2025-07-27 16:25:37.701 [info] ExtensionService#_doActivateExtension vscode.merge-conflict, startup: false, activationEvent: 'onStartupFinished'
2025-07-27 16:25:39.591 [info] ExtensionService#_doActivateExtension vscode.configuration-editing, startup: false, activationEvent: 'onLanguage:jsonc'
2025-07-27 16:25:39.592 [info] ExtensionService#_doActivateExtension vscode.json-language-features, startup: false, activationEvent: 'onLanguage:jsonc'
2025-07-27 16:25:39.592 [info] ExtensionService#_doActivateExtension vscode.typescript-language-features, startup: false, activationEvent: 'onLanguage:jsonc'
2025-07-27 16:25:39.769 [info] ExtensionService#_doActivateExtension googlecloudtools.cloudcode, startup: false, activationEvent: 'onStartupFinished'
2025-07-27 16:25:41.897 [error] onWillSaveTextDocument-listener from extension 'EditorConfig.EditorConfig' threw ERROR
2025-07-27 16:25:41.902 [error] Error: timeout
    at Timeout._onTimeout (file:///google/devshell/editor/code-oss-for-cloud-shell/out/vs/workbench/api/node/extensionHostProcess.js:135:108282)
    at listOnTimeout (node:internal/timers:581:17)
    at processTimers (node:internal/timers:519:7)
2025-07-27 16:26:07.439 [info] Extension host terminating: received terminate message from renderer
2025-07-27 16:26:07.440 [info] Lock '/home/emilio20d2/.codeoss/data/User/workspaceStorage/5d579946/vscode.lock': Marking the lockfile as scheduled to be released in 6000 ms.
2025-07-27 16:26:12.886 [info] Extension host with pid 1287 exiting with code 0
