2025-07-27 16:40:45.088 [warning] Dir "/home/emilio20d2/.pixi/envs" is not watchable (directory does not exist)
2025-07-27 16:40:45.088 [info] Starting Environment refresh
2025-07-27 16:40:45.088 [info] Searching for interpreters in posix paths locator
2025-07-27 16:40:45.088 [info] Searching for pyenv environments
2025-07-27 16:40:45.088 [info] Searching for conda environments
2025-07-27 16:40:45.088 [info] Searching for global virtual environments
2025-07-27 16:40:45.088 [info] Searching for custom virtual environments
2025-07-27 16:40:45.088 [info] pyenv is not installed
2025-07-27 16:40:45.088 [info] Finished searching for pyenv environments: 23 milliseconds
2025-07-27 16:40:45.088 [info] Finished searching for custom virtual envs: 22 milliseconds
2025-07-27 16:40:45.088 [info] > conda info --json
2025-07-27 16:40:45.088 [info] > hatch env show --json
2025-07-27 16:40:45.088 [info] cwd: .
2025-07-27 16:40:45.088 [info] > pyenv which python
2025-07-27 16:40:45.088 [info] cwd: .
2025-07-27 16:40:45.088 [info] Finished searching for global virtual envs: 111 milliseconds
2025-07-27 16:40:45.091 [info] Found: /bin/python --> /bin/python3.12
2025-07-27 16:40:45.094 [info] Found: /bin/python3 --> /bin/python3.12
2025-07-27 16:40:45.095 [info] Found: /bin/python3.12 --> /bin/python3.12
2025-07-27 16:40:45.118 [info] Found: /usr/bin/python --> /usr/bin/python3.12
2025-07-27 16:40:45.119 [info] Found: /usr/bin/python3 --> /usr/bin/python3.12
2025-07-27 16:40:45.119 [info] Found: /usr/bin/python3.12 --> /usr/bin/python3.12
2025-07-27 16:40:45.162 [info] Finished searching for interpreters in posix paths locator: 210 milliseconds
2025-07-27 16:40:45.162 [info] > /bin/python -I /google/devshell/editor/code-oss-for-cloud-shell/extensions/ms-python.python/python_files/get_output_via_markers.py /google/devshell/editor/code-oss-for-cloud-shell/extensions/ms-python.python/python_files/interpreterInfo.py
2025-07-27 16:40:45.190 [info] > /usr/bin/python -I /google/devshell/editor/code-oss-for-cloud-shell/extensions/ms-python.python/python_files/get_output_via_markers.py /google/devshell/editor/code-oss-for-cloud-shell/extensions/ms-python.python/python_files/interpreterInfo.py
2025-07-27 16:40:45.190 [info] Environments refresh paths discovered (event): 248 milliseconds
2025-07-27 16:40:45.190 [info] Environments refresh paths discovered: 249 milliseconds
2025-07-27 16:40:45.263 [info] Environments refresh finished (event): 322 milliseconds
2025-07-27 16:40:45.280 [info] Environment refresh took 342 milliseconds
2025-07-27 16:40:45.289 [info] Python interpreter path: /bin/python
2025-07-27 16:40:48.689 [info] Starting Jedi language server for emilio20d2.
