2025-07-27 16:56:46.577 [info] [main] Log level: Info
2025-07-27 16:56:46.577 [info] [main] Validating found git in: "git"
2025-07-27 16:56:46.577 [info] [main] Using git "2.43.0" from "git"
2025-07-27 16:56:46.577 [info] [Model][doInitialScan] Initial repository scan started
2025-07-27 16:56:46.577 [info] > git rev-parse --show-toplevel [6ms]
2025-07-27 16:56:46.578 [info] fatal: not a git repository (or any parent up to mount point /)
Stopping at filesystem boundary (GIT_DISCOVERY_ACROSS_FILESYSTEM not set).
2025-07-27 16:56:46.578 [info] > git rev-parse --show-toplevel [4ms]
2025-07-27 16:56:46.578 [info] fatal: not a git repository (or any parent up to mount point /)
Stopping at filesystem boundary (GIT_DISCOVERY_ACROSS_FILESYSTEM not set).
2025-07-27 16:56:46.587 [info] > git rev-parse --show-toplevel [2ms]
2025-07-27 16:56:46.588 [info] fatal: not a git repository (or any parent up to mount point /)
Stopping at filesystem boundary (GIT_DISCOVERY_ACROSS_FILESYSTEM not set).
2025-07-27 16:56:46.596 [info] > git rev-parse --show-toplevel [2ms]
2025-07-27 16:56:46.596 [info] fatal: not a git repository (or any parent up to mount point /)
Stopping at filesystem boundary (GIT_DISCOVERY_ACROSS_FILESYSTEM not set).
2025-07-27 16:56:46.605 [info] > git rev-parse --show-toplevel [2ms]
2025-07-27 16:56:46.605 [info] fatal: not a git repository (or any parent up to mount point /)
Stopping at filesystem boundary (GIT_DISCOVERY_ACROSS_FILESYSTEM not set).
2025-07-27 16:56:46.614 [info] > git rev-parse --show-toplevel [3ms]
2025-07-27 16:56:46.614 [info] fatal: not a git repository (or any parent up to mount point /)
Stopping at filesystem boundary (GIT_DISCOVERY_ACROSS_FILESYSTEM not set).
2025-07-27 16:56:46.627 [info] > git rev-parse --show-toplevel [7ms]
2025-07-27 16:56:46.627 [info] fatal: not a git repository (or any parent up to mount point /)
Stopping at filesystem boundary (GIT_DISCOVERY_ACROSS_FILESYSTEM not set).
2025-07-27 16:56:46.706 [info] > git rev-parse --show-toplevel [71ms]
2025-07-27 16:56:46.706 [info] fatal: not a git repository (or any parent up to mount point /)
Stopping at filesystem boundary (GIT_DISCOVERY_ACROSS_FILESYSTEM not set).
2025-07-27 16:56:46.728 [info] > git rev-parse --show-toplevel [10ms]
2025-07-27 16:56:46.728 [info] fatal: not a git repository (or any parent up to mount point /)
Stopping at filesystem boundary (GIT_DISCOVERY_ACROSS_FILESYSTEM not set).
2025-07-27 16:56:46.728 [info] [Model][doInitialScan] Initial repository scan completed - repositories (0), closed repositories (0), parent repositories (0), unsafe repositories (0)
